<?xml version="1.0" encoding="UTF-8"?>
<testng-results ignored="0" total="5" passed="5" failed="0" skipped="0">
  <reporter-output>
  </reporter-output>
  <suite started-at="2026-04-12T00:42:52 IST" name="Default suite" finished-at="2026-04-12T00:43:06 IST" duration-ms="13452">
    <groups>
    </groups>
    <test started-at="2026-04-12T00:42:52 IST" name="Default test" finished-at="2026-04-12T00:43:06 IST" duration-ms="13452">
      <class name="com.saucedemo.automation.test.LoginTest">
        <test-method is-config="true" signature="setup()[pri:0, instance:com.saucedemo.automation.test.LoginTest@51acdf2e]" started-at="2026-04-12T00:42:52 IST" name="setup" finished-at="2026-04-12T00:42:55 IST" duration-ms="2326" status="PASS">
          <reporter-output>
          </reporter-output>
        </test-method> <!-- setup -->
        <test-method signature="verifyLogin()[pri:1, instance:com.saucedemo.automation.test.LoginTest@51acdf2e]" started-at="2026-04-12T00:42:55 IST" name="verifyLogin" finished-at="2026-04-12T00:42:56 IST" duration-ms="898" status="PASS">
          <reporter-output>
          </reporter-output>
        </test-method> <!-- verifyLogin -->
        <test-method is-config="true" signature="tearDown()[pri:0, instance:com.saucedemo.automation.test.LoginTest@51acdf2e]" started-at="2026-04-12T00:42:56 IST" name="tearDown" finished-at="2026-04-12T00:42:56 IST" duration-ms="245" status="PASS">
          <reporter-output>
          </reporter-output>
        </test-method> <!-- tearDown -->
        <test-method is-config="true" signature="setup()[pri:0, instance:com.saucedemo.automation.test.LoginTest@51acdf2e]" started-at="2026-04-12T00:42:56 IST" name="setup" finished-at="2026-04-12T00:42:57 IST" duration-ms="1453" status="PASS">
          <reporter-output>
          </reporter-output>
        </test-method> <!-- setup -->
        <test-method signature="veriyLoginWithInvalidCreadentials()[pri:2, instance:com.saucedemo.automation.test.LoginTest@51acdf2e]" started-at="2026-04-12T00:42:57 IST" name="veriyLoginWithInvalidCreadentials" finished-at="2026-04-12T00:42:58 IST" duration-ms="806" status="PASS">
          <reporter-output>
          </reporter-output>
        </test-method> <!-- veriyLoginWithInvalidCreadentials -->
        <test-method is-config="true" signature="tearDown()[pri:0, instance:com.saucedemo.automation.test.LoginTest@51acdf2e]" started-at="2026-04-12T00:42:58 IST" name="tearDown" finished-at="2026-04-12T00:42:58 IST" duration-ms="202" status="PASS">
          <reporter-output>
          </reporter-output>
        </test-method> <!-- tearDown -->
        <test-method is-config="true" signature="setup()[pri:0, instance:com.saucedemo.automation.test.LoginTest@51acdf2e]" started-at="2026-04-12T00:42:58 IST" name="setup" finished-at="2026-04-12T00:43:00 IST" duration-ms="1339" status="PASS">
          <reporter-output>
          </reporter-output>
        </test-method> <!-- setup -->
        <test-method signature="veriyLoginwithEmptyPassword()[pri:3, instance:com.saucedemo.automation.test.LoginTest@51acdf2e]" started-at="2026-04-12T00:43:00 IST" name="veriyLoginwithEmptyPassword" finished-at="2026-04-12T00:43:00 IST" duration-ms="627" status="PASS">
          <reporter-output>
          </reporter-output>
        </test-method> <!-- veriyLoginwithEmptyPassword -->
        <test-method is-config="true" signature="tearDown()[pri:0, instance:com.saucedemo.automation.test.LoginTest@51acdf2e]" started-at="2026-04-12T00:43:00 IST" name="tearDown" finished-at="2026-04-12T00:43:00 IST" duration-ms="214" status="PASS">
          <reporter-output>
          </reporter-output>
        </test-method> <!-- tearDown -->
        <test-method is-config="true" signature="setup()[pri:0, instance:com.saucedemo.automation.test.LoginTest@51acdf2e]" started-at="2026-04-12T00:43:00 IST" name="setup" finished-at="2026-04-12T00:43:02 IST" duration-ms="1631" status="PASS">
          <reporter-output>
          </reporter-output>
        </test-method> <!-- setup -->
        <test-method signature="veriyLoginwithEmptyUsername()[pri:4, instance:com.saucedemo.automation.test.LoginTest@51acdf2e]" started-at="2026-04-12T00:43:02 IST" name="veriyLoginwithEmptyUsername" finished-at="2026-04-12T00:43:02 IST" duration-ms="378" status="PASS">
          <reporter-output>
          </reporter-output>
        </test-method> <!-- veriyLoginwithEmptyUsername -->
        <test-method is-config="true" signature="tearDown()[pri:0, instance:com.saucedemo.automation.test.LoginTest@51acdf2e]" started-at="2026-04-12T00:43:02 IST" name="tearDown" finished-at="2026-04-12T00:43:03 IST" duration-ms="202" status="PASS">
          <reporter-output>
          </reporter-output>
        </test-method> <!-- tearDown -->
        <test-method is-config="true" signature="setup()[pri:0, instance:com.saucedemo.automation.test.LoginTest@51acdf2e]" started-at="2026-04-12T00:43:03 IST" name="setup" finished-at="2026-04-12T00:43:04 IST" duration-ms="1695" status="PASS">
          <reporter-output>
          </reporter-output>
        </test-method> <!-- setup -->
        <test-method signature="veriyLoginandlogoutfunctionality()[pri:5, instance:com.saucedemo.automation.test.LoginTest@51acdf2e]" started-at="2026-04-12T00:43:04 IST" name="veriyLoginandlogoutfunctionality" finished-at="2026-04-12T00:43:06 IST" duration-ms="1172" status="PASS">
          <reporter-output>
          </reporter-output>
        </test-method> <!-- veriyLoginandlogoutfunctionality -->
        <test-method is-config="true" signature="tearDown()[pri:0, instance:com.saucedemo.automation.test.LoginTest@51acdf2e]" started-at="2026-04-12T00:43:06 IST" name="tearDown" finished-at="2026-04-12T00:43:06 IST" duration-ms="211" status="PASS">
          <reporter-output>
          </reporter-output>
        </test-method> <!-- tearDown -->
      </class> <!-- com.saucedemo.automation.test.LoginTest -->
    </test> <!-- Default test -->
  </suite> <!-- Default suite -->
</testng-results>
