<?xml version="1.0" encoding="UTF-8"?>
<testng-results ignored="0" total="1" passed="1" failed="0" skipped="0">
  <reporter-output>
  </reporter-output>
  <suite started-at="2026-04-05T23:34:30 IST" name="Default suite" finished-at="2026-04-05T23:34:35 IST" duration-ms="4988">
    <groups>
    </groups>
    <test started-at="2026-04-05T23:34:30 IST" name="Default test" finished-at="2026-04-05T23:34:35 IST" duration-ms="4988">
      <class name="com.saucedemo.automation.test.LoginTest">
        <test-method is-config="true" signature="setup()[pri:0, instance:com.saucedemo.automation.test.LoginTest@710636b0]" started-at="2026-04-05T23:34:30 IST" name="setup" finished-at="2026-04-05T23:34:33 IST" duration-ms="3643" status="PASS">
          <reporter-output>
          </reporter-output>
        </test-method> <!-- setup -->
        <test-method signature="verifyLogin()[pri:0, instance:com.saucedemo.automation.test.LoginTest@710636b0]" started-at="2026-04-05T23:34:33 IST" name="verifyLogin" finished-at="2026-04-05T23:34:34 IST" duration-ms="916" status="PASS">
          <reporter-output>
          </reporter-output>
        </test-method> <!-- verifyLogin -->
        <test-method is-config="true" signature="tearDown()[pri:0, instance:com.saucedemo.automation.test.LoginTest@710636b0]" started-at="2026-04-05T23:34:34 IST" name="tearDown" finished-at="2026-04-05T23:34:35 IST" duration-ms="345" status="PASS">
          <reporter-output>
          </reporter-output>
        </test-method> <!-- tearDown -->
      </class> <!-- com.saucedemo.automation.test.LoginTest -->
    </test> <!-- Default test -->
  </suite> <!-- Default suite -->
</testng-results>
