<?xml version="1.0" encoding="UTF-8"?>
<!-- Generated by org.testng.reporters.JUnitReportReporter -->
<testsuite hostname="ESPL-0124-08" failures="0" tests="5" name="com.saucedemo.automation.test.LoginTest" time="13.399" errors="0" timestamp="2026-04-12T00:43:06 IST" skipped="0">
  <testcase classname="com.saucedemo.automation.test.LoginTest" name="verifyLogin" time="3.435"/>
  <testcase classname="com.saucedemo.automation.test.LoginTest" name="veriyLoginWithInvalidCreadentials" time="2.703"/>
  <testcase classname="com.saucedemo.automation.test.LoginTest" name="veriyLoginwithEmptyPassword" time="2.211"/>
  <testcase classname="com.saucedemo.automation.test.LoginTest" name="veriyLoginwithEmptyUsername" time="2.211"/>
  <testcase classname="com.saucedemo.automation.test.LoginTest" name="veriyLoginandlogoutfunctionality" time="2.839"/>
</testsuite> <!-- com.saucedemo.automation.test.LoginTest -->
