<?xml version="1.0" encoding="UTF-8"?>
<!-- Generated by org.testng.reporters.JUnitXMLReporter -->
<testsuite ignored="0" hostname="ESPL-0124-08" failures="0" tests="5" name="Default test" time="13.452" errors="0" timestamp="2026-04-12T00:43:06 IST">
  <testcase classname="com.saucedemo.automation.test.LoginTest" name="verifyLogin" time="0.898"/>
  <testcase classname="com.saucedemo.automation.test.LoginTest" name="veriyLoginWithInvalidCreadentials" time="0.806"/>
  <testcase classname="com.saucedemo.automation.test.LoginTest" name="veriyLoginwithEmptyPassword" time="0.627"/>
  <testcase classname="com.saucedemo.automation.test.LoginTest" name="veriyLoginwithEmptyUsername" time="0.378"/>
  <testcase classname="com.saucedemo.automation.test.LoginTest" name="veriyLoginandlogoutfunctionality" time="1.172"/>
</testsuite> <!-- Default test -->
